==================== 4k_16k seq pre ====================
==================== 4k_16k rand pre ===================
Success formatting namespace:1
Success formatting namespace:1
Success formatting namespace:1
Success formatting namespace:1
Success formatting namespace:1
Success formatting namespace:1
Success formatting namespace:1
Success formatting namespace:1
Success formatting namespace:1
Success formatting namespace:1
Success formatting namespace:1
Success formatting namespace:1
Success formatting namespace:1
====================== 4k_16K =====================
====================== 4k_16K =====================
====================== 4k_16K =====================
====================== 4k_16K =====================
====================== 4k_16K =====================
====================== 4k_16K =====================
====================== 4k_16K =====================
====================== 4k_16K =====================
====================== 4k_16K =====================
====================== 4k_16K =====================
====================== 4k_16K =====================
====================== 4k_16K =====================
====================== 4k_16K =====================
====================== 4k_16K =====================
====================== 4k_16K =====================
====================== 4k_16K =====================
====================== 4k_16K =====================
====================== 4k_16K =====================
====================== 4k_16K =====================
====================== 4k_16K =====================
====================== 4k_16K =====================
====================== 4k_16K =====================
====================== 4k_16K =====================
====================== 4k_16K =====================
====================== 4k_16K =====================
====================== 4k_16K =====================
====================== 4k_16K =====================
====================== 4k_16K =====================
====================== 4k_16K =====================
====================== 4k_16K =====================
====================== 4k_16K =====================
====================== 4k_16K =====================
====================== 4k_16K =====================
====================== 4k_16K =====================
====================== 4k_16K =====================
====================== 4k_16K =====================
====================== 4k_16K =====================
====================== 4k_16K =====================
====================== 4k_16K =====================
====================== 4k_16K =====================
====================== 4k_16K =====================
====================== 4k_16K =====================
====================== 4k_16K =====================
====================== 4k_16K =====================
====================== 4k_16K =====================
====================== 4k_16K =====================
====================== 4k_16K =====================
====================== 4k_16K =====================
====================== 4k_16K =====================
====================== 4k_16K =====================
====================== 4k_16K =====================
====================== 4k_16K =====================
====================== 4k_16K =====================
====================== 4k_16K =====================
====================== 4k_16K =====================
====================== 4k_16K =====================
====================== 4k_16K =====================
====================== 4k_16K =====================
====================== 4k_16K =====================
====================== 4k_16K =====================
====================== 4k_16K =====================
====================== 4k_16K =====================
====================== 4k_16K =====================
====================== 4k_16K =====================
====================== 4k_16K =====================
====================== 4k_16K =====================
====================== 4k_16K =====================
====================== 4k_16K =====================
====================== 4k_16K =====================
====================== 4k_16K =====================
====================== 4k_16K =====================
====================== 4k_16K =====================
====================== 4k_16K =====================
====================== 4k_16K =====================
====================== 4k_16K =====================
====================== 4k_16K =====================
====================== 4k_16K =====================
====================== 4k_16K =====================
====================== 4k_16K =====================
====================== 4k_16K =====================
Success formatting namespace:1
Success formatting namespace:1
Success formatting namespace:1
Success formatting namespace:1
Success formatting namespace:1
Success formatting namespace:1
Success formatting namespace:1
Success formatting namespace:1
Success formatting namespace:1
Success formatting namespace:1
Success formatting namespace:1
Success formatting namespace:1
Success formatting namespace:1
===================== before 128k pre ====================
Success formatting namespace:1
Success formatting namespace:1
Success formatting namespace:1
Success formatting namespace:1
Success formatting namespace:1
Success formatting namespace:1
Success formatting namespace:1
Success formatting namespace:1
Success formatting namespace:1
Success formatting namespace:1
Success formatting namespace:1
Success formatting namespace:1
Success formatting namespace:1
=============== 128k ================
=============== 128k ================
=============== 128k ================
=============== 128k ================
=============== 128k ================
=============== 128k ================
Success formatting namespace:1
Success formatting namespace:1
Success formatting namespace:1
Success formatting namespace:1
Success formatting namespace:1
Success formatting namespace:1
Success formatting namespace:1
Success formatting namespace:1
Success formatting namespace:1
Success formatting namespace:1
Success formatting namespace:1
Success formatting namespace:1
Success formatting namespace:1
